<?xml version="1.0" encoding="UTF-8"?>
<!-- Generated by org.testng.reporters.JUnitReportReporter -->
<testsuite hostname="CompediaPavel" failures="0" tests="1" name="tests.CoursesTests" time="45.208" errors="0" timestamp="16 Aug 2018 10:00:25 GMT" skipped="0">
  <testcase classname="tests.CoursesTests" name="goToCoursesPage" time="45.208"/>
</testsuite> <!-- tests.CoursesTests -->
