<?xml version="1.0" encoding="UTF-8"?>
<!-- Generated by org.testng.reporters.JUnitReportReporter -->
<testsuite hostname="CompediaPavel" failures="0" tests="1" name="tests.CoursesTests" time="28.291" errors="0" timestamp="13 Aug 2018 09:46:55 GMT" skipped="0">
  <testcase classname="tests.CoursesTests" name="goToCoursesPage" time="28.291"/>
</testsuite> <!-- tests.CoursesTests -->
