<?xml version="1.0" encoding="UTF-8"?>
<!-- Generated by org.testng.reporters.JUnitReportReporter -->
<testsuite hostname="CompediaPavel" failures="0" tests="1" name="tests.LESTests" time="9.472" errors="0" timestamp="18 Oct 2018 11:51:48 GMT" skipped="0">
  <testcase classname="tests.LESTests" name="createReport" time="9.472"/>
</testsuite> <!-- tests.LESTests -->
