<?xml version="1.0" encoding="UTF-8"?>
<!-- Generated by org.testng.reporters.JUnitReportReporter -->
<testsuite hostname="CompediaPavel" failures="0" tests="1" name="tests.TeplatesTests" time="14.880" errors="0" timestamp="13 Aug 2018 16:07:47 GMT" skipped="0">
  <testcase classname="tests.TeplatesTests" name="goToTemplates" time="14.880"/>
</testsuite> <!-- tests.TeplatesTests -->
