<?xml version="1.0" encoding="UTF-8"?>
<!-- Generated by org.testng.reporters.JUnitReportReporter -->
<testsuite hostname="CompediaPavel" failures="0" tests="1" name="tests.TeplatesTests" time="20.335" errors="0" timestamp="12 Aug 2018 10:45:23 GMT" skipped="0">
  <testcase classname="tests.TeplatesTests" name="goToTemplates" time="20.335"/>
</testsuite> <!-- tests.TeplatesTests -->
