<?xml version="1.0" encoding="UTF-8"?>
<!-- Generated by org.testng.reporters.JUnitReportReporter -->
<testsuite hostname="CompediaPavel" failures="0" tests="1" name="tests.UMSTests" time="10.993" errors="0" timestamp="16 Aug 2018 13:03:01 GMT" skipped="0">
  <testcase classname="tests.UMSTests" name="createOrganization" time="10.993"/>
</testsuite> <!-- tests.UMSTests -->
