<?xml version="1.0" encoding="UTF-8"?>
<!-- Generated by org.testng.reporters.JUnitReportReporter -->
<testsuite hostname="CompediaPavel" failures="0" tests="1" name="tests.UMSTests" time="11.445" errors="0" timestamp="13 Aug 2018 12:53:18 GMT" skipped="0">
  <testcase classname="tests.UMSTests" name="createOrganization" time="11.445"/>
</testsuite> <!-- tests.UMSTests -->
