<?xml version="1.0" encoding="UTF-8"?>
<!-- Generated by org.testng.reporters.JUnitReportReporter -->
<testsuite hostname="CompediaPavel" failures="0" tests="1" name="tests.loginTests" time="8.826" errors="0" timestamp="22 Aug 2018 10:43:17 GMT" skipped="0">
  <testcase classname="tests.loginTests" name="LoginToHomePage" time="8.826"/>
</testsuite> <!-- tests.loginTests -->
