<?xml version="1.0" encoding="UTF-8"?>
<!-- Generated by org.testng.reporters.JUnitReportReporter -->
<testsuite skipped="0" hostname="pavel-PC" name="tests.loginTests" tests="1" failures="0" timestamp="24 אוק 2018 16:41:36 GMT" time="14.123" errors="0">
  <testcase name="LoginToHomePage" time="14.123" classname="tests.loginTests"/>
</testsuite> <!-- tests.loginTests -->
