<?xml version="1.0" encoding="UTF-8"?>
<!-- Generated by org.testng.reporters.JUnitReportReporter -->
<testsuite hostname="CompediaPavel" failures="0" tests="1" name="tests.loginTests" time="8.211" errors="0" timestamp="02 Aug 2018 07:56:53 GMT" skipped="0">
  <testcase classname="tests.loginTests" name="LoginToHomePage" time="8.211"/>
</testsuite> <!-- tests.loginTests -->
