<?xml version="1.0" encoding="UTF-8"?>
<!-- Generated by org.testng.reporters.JUnitReportReporter -->
<testsuite hostname="CompediaPavel" failures="0" tests="1" name="tests.loginTests" time="26.071" errors="0" timestamp="16 Aug 2018 10:00:25 GMT" skipped="0">
  <testcase classname="tests.loginTests" name="LoginToHomePage" time="26.071"/>
</testsuite> <!-- tests.loginTests -->
