<?xml version="1.0" encoding="UTF-8"?>
<!-- Generated by org.testng.reporters.JUnitReportReporter -->
<testsuite skipped="0" hostname="YKM-MIS-006" name="com.hotportal.tests.SanityNextPortalIe" tests="1" failures="0" timestamp="06 אוג 2017 12:53:32 GMT" time="262.810" errors="0">
  <testcase name="buyDealFromNextSite_150280" time="262.810" classname="com.hotportal.tests.SanityNextPortalIe"/>
</testsuite> <!-- com.hotportal.tests.SanityNextPortalIe -->
