<?xml version="1.0" encoding="UTF-8"?>
<!-- Generated by org.testng.reporters.JUnitReportReporter -->
<testsuite skipped="7" hostname="YKM-MIS-006" name="com.hotportal.tests.SanityFireFox" tests="8" failures="0" timestamp="03 אוג 2017 05:43:25 GMT" time="27.751" errors="1">
  <testcase name="Test_prepration_103663" time="27.751" classname="com.hotportal.tests.SanityFireFox">
    <error type="org.openqa.selenium.remote.UnreachableBrowserException" message="Could not start a new session. Possible causes are invalid address of the remote server or browser start-up failure.
Build info: version: &#039;unknown&#039;, revision: &#039;unknown&#039;, time: &#039;unknown&#039;
System info: host: &#039;YKM-MIS-006&#039;, ip: &#039;8.200.208.131&#039;, os.name: &#039;Windows 7&#039;, os.arch: &#039;amd64&#039;, os.version: &#039;6.1&#039;, java.version: &#039;1.8.0_131&#039;
Driver info: driver.version: FirefoxDriver">
      <![CDATA[org.openqa.selenium.remote.UnreachableBrowserException: Could not start a new session. Possible causes are invalid address of the remote server or browser start-up failure.
Build info: version: 'unknown', revision: 'unknown', time: 'unknown'
System info: host: 'YKM-MIS-006', ip: '8.200.208.131', os.name: 'Windows 7', os.arch: 'amd64', os.version: '6.1', java.version: '1.8.0_131'
Driver info: driver.version: FirefoxDriver
	at org.openqa.selenium.remote.RemoteWebDriver.execute(RemoteWebDriver.java:658)
	at org.openqa.selenium.remote.RemoteWebDriver.startSession(RemoteWebDriver.java:250)
	at org.openqa.selenium.remote.RemoteWebDriver.startSession(RemoteWebDriver.java:236)
	at org.openqa.selenium.remote.RemoteWebDriver.<init>(RemoteWebDriver.java:137)
	at org.openqa.selenium.firefox.FirefoxDriver.<init>(FirefoxDriver.java:191)
	at org.openqa.selenium.firefox.FirefoxDriver.<init>(FirefoxDriver.java:108)
	at org.openqa.selenium.firefox.FirefoxDriver.<init>(FirefoxDriver.java:104)
	at com.hotportal.utility.GeneralUtility.getWebDriver(GeneralUtility.java:31)
	at com.hotportal.tests.SanityFireFox.Test_prepration_103663(SanityFireFox.java:35)
	at sun.reflect.NativeMethodAccessorImpl.invoke0(Native Method)
	at sun.reflect.NativeMethodAccessorImpl.invoke(Unknown Source)
	at sun.reflect.DelegatingMethodAccessorImpl.invoke(Unknown Source)
	at java.lang.reflect.Method.invoke(Unknown Source)
	at org.testng.internal.MethodInvocationHelper.invokeMethod(MethodInvocationHelper.java:108)
	at org.testng.internal.Invoker.invokeConfigurationMethod(Invoker.java:523)
	at org.testng.internal.Invoker.invokeConfigurations(Invoker.java:224)
	at org.testng.internal.Invoker.invokeConfigurations(Invoker.java:146)
	at org.testng.internal.TestMethodWorker.invokeBeforeClassMethods(TestMethodWorker.java:166)
	at org.testng.internal.TestMethodWorker.run(TestMethodWorker.java:105)
	at org.testng.TestRunner.privateRun(TestRunner.java:744)
	at org.testng.TestRunner.run(TestRunner.java:602)
	at org.testng.SuiteRunner.runTest(SuiteRunner.java:380)
	at org.testng.SuiteRunner.access$000(SuiteRunner.java:39)
	at org.testng.SuiteRunner$SuiteWorker.run(SuiteRunner.java:414)
	at org.testng.internal.thread.ThreadUtil$1.call(ThreadUtil.java:52)
	at java.util.concurrent.FutureTask.run(Unknown Source)
	at java.util.concurrent.ThreadPoolExecutor.runWorker(Unknown Source)
	at java.util.concurrent.ThreadPoolExecutor$Worker.run(Unknown Source)
	at java.lang.Thread.run(Unknown Source)
Caused by: java.lang.NullPointerException
	at org.openqa.selenium.remote.service.DriverService.waitUntilAvailable(DriverService.java:192)
	at org.openqa.selenium.firefox.XpiDriverService.start(XpiDriverService.java:94)
	at org.openqa.selenium.remote.service.DriverCommandExecutor.execute(DriverCommandExecutor.java:78)
	at org.openqa.selenium.remote.RemoteWebDriver.execute(RemoteWebDriver.java:637)
	... 28 more
]]>
    </error>
  </testcase> <!-- Test_prepration_103663 -->
  <testcase name="Customer_SpeedLogin_Excel_103663" time="0.000" classname="com.hotportal.tests.SanityFireFox">
    <skipped/>
  </testcase> <!-- Customer_SpeedLogin_Excel_103663 -->
  <testcase name="Customer_SpeedLogin_Excel_103663" time="0.000" classname="com.hotportal.tests.SanityFireFox">
    <skipped/>
  </testcase> <!-- Customer_SpeedLogin_Excel_103663 -->
  <testcase name="Customer_SpeedLogin_Excel_103663" time="0.000" classname="com.hotportal.tests.SanityFireFox">
    <skipped/>
  </testcase> <!-- Customer_SpeedLogin_Excel_103663 -->
  <testcase name="Customer_SpeedLogin_Excel_103663" time="0.000" classname="com.hotportal.tests.SanityFireFox">
    <skipped/>
  </testcase> <!-- Customer_SpeedLogin_Excel_103663 -->
  <testcase name="Customer_SpeedLogin_Excel_103663" time="0.000" classname="com.hotportal.tests.SanityFireFox">
    <skipped/>
  </testcase> <!-- Customer_SpeedLogin_Excel_103663 -->
  <testcase name="Customer_SpeedLogin_Excel_103663" time="0.000" classname="com.hotportal.tests.SanityFireFox">
    <skipped/>
  </testcase> <!-- Customer_SpeedLogin_Excel_103663 -->
  <testcase name="Customer_SpeedLogin_103663" classname="com.hotportal.tests.SanityFireFox">
    <skipped/>
  </testcase> <!-- Customer_SpeedLogin_103663 -->
</testsuite> <!-- com.hotportal.tests.SanityFireFox -->
