<?xml version="1.0" encoding="UTF-8"?>
<!-- Generated by org.testng.reporters.JUnitReportReporter -->
<testsuite skipped="1" hostname="lenovo-PC" name="com.next.tests.Tests_API_REST" tests="2" failures="0" timestamp="07 יול 2018 14:15:21 GMT" time="4.858" errors="0">
  <testcase name="apiTest_getInitialData" time="4.858" classname="com.next.tests.Tests_API_REST"/>
  <testcase name="apiTest_GetToken" classname="com.next.tests.Tests_API_REST">
    <skipped/>
  </testcase> <!-- apiTest_GetToken -->
</testsuite> <!-- com.next.tests.Tests_API_REST -->
