<?xml version="1.0" encoding="UTF-8"?>
<!-- Generated by org.testng.reporters.JUnitReportReporter -->
<testsuite skipped="0" hostname="HOT-AutoSRV-01" name="com.crm.tests.SanityHotNet" tests="7" failures="0" timestamp="05 Dec 2017 04:55:46 GMT" time="496.270" errors="0">
  <testcase name="הוט_נט_הקמת_לקוח_פרטי_4803" time="145.946" classname="com.crm.tests.SanityHotNet"/>
  <testcase name="הוט_נט_הקמת_לקוח_עסקי_4803" time="154.468" classname="com.crm.tests.SanityHotNet"/>
  <testcase name="הוט_נט_הקמת_לקוח_בעזרת_דרכון_עם_הרשאה" time="13.657" classname="com.crm.tests.SanityHotNet"/>
  <testcase name="הוט_נט_הקמת_לקוח_הוראת_קבע" time="132.968" classname="com.crm.tests.SanityHotNet"/>
  <testcase name="הוט_נט_הקמת_לקוח_שובר" time="5.390" classname="com.crm.tests.SanityHotNet"/>
  <testcase name="הוט_נט_חיפוש_מתקדם_והקמת_לקוח" time="21.957" classname="com.crm.tests.SanityHotNet"/>
  <testcase name="הוט_נט_הקמת_לקוח_פרטי" time="21.884" classname="com.crm.tests.SanityHotNet"/>
</testsuite> <!-- com.crm.tests.SanityHotNet -->
