<?xml version="1.0" encoding="UTF-8"?>
<!-- Generated by org.testng.reporters.JUnitReportReporter -->
<testsuite skipped="0" hostname="YKM-MIS-006" name="com.hotportal.tests.SanityNextPortalChrome" tests="1" failures="0" timestamp="06 אוג 2017 12:46:36 GMT" time="22.267" errors="0">
  <testcase name="buyDealFromNextSite_150280" time="22.267" classname="com.hotportal.tests.SanityNextPortalChrome"/>
</testsuite> <!-- com.hotportal.tests.SanityNextPortalChrome -->
