<?xml version="1.0" encoding="UTF-8"?>
<!-- Generated by org.testng.reporters.JUnitReportReporter -->
<testsuite skipped="0" hostname="HOT-AutoSRV-01" name="com.crm.tests.SanityCrmTrain" tests="115" failures="0" timestamp="07 Nov 2017 06:30:16 GMT" time="2659.112" errors="0">
  <testcase name="addPermissions" time="23.015" classname="com.crm.tests.SanityCrmTrain"/>
  <testcase name="addPermissions" time="23.156" classname="com.crm.tests.SanityCrmTrain"/>
  <testcase name="addPermissions" time="23.017" classname="com.crm.tests.SanityCrmTrain"/>
  <testcase name="addPermissions" time="22.986" classname="com.crm.tests.SanityCrmTrain"/>
  <testcase name="addPermissions" time="23.252" classname="com.crm.tests.SanityCrmTrain"/>
  <testcase name="addPermissions" time="23.049" classname="com.crm.tests.SanityCrmTrain"/>
  <testcase name="addPermissions" time="23.317" classname="com.crm.tests.SanityCrmTrain"/>
  <testcase name="addPermissions" time="23.152" classname="com.crm.tests.SanityCrmTrain"/>
  <testcase name="addPermissions" time="23.052" classname="com.crm.tests.SanityCrmTrain"/>
  <testcase name="addPermissions" time="23.153" classname="com.crm.tests.SanityCrmTrain"/>
  <testcase name="addPermissions" time="23.135" classname="com.crm.tests.SanityCrmTrain"/>
  <testcase name="addPermissions" time="23.019" classname="com.crm.tests.SanityCrmTrain"/>
  <testcase name="addPermissions" time="22.854" classname="com.crm.tests.SanityCrmTrain"/>
  <testcase name="addPermissions" time="23.393" classname="com.crm.tests.SanityCrmTrain"/>
  <testcase name="addPermissions" time="23.053" classname="com.crm.tests.SanityCrmTrain"/>
  <testcase name="addPermissions" time="23.103" classname="com.crm.tests.SanityCrmTrain"/>
  <testcase name="addPermissions" time="22.961" classname="com.crm.tests.SanityCrmTrain"/>
  <testcase name="addPermissions" time="23.117" classname="com.crm.tests.SanityCrmTrain"/>
  <testcase name="addPermissions" time="23.068" classname="com.crm.tests.SanityCrmTrain"/>
  <testcase name="addPermissions" time="22.758" classname="com.crm.tests.SanityCrmTrain"/>
  <testcase name="addPermissions" time="23.340" classname="com.crm.tests.SanityCrmTrain"/>
  <testcase name="addPermissions" time="23.044" classname="com.crm.tests.SanityCrmTrain"/>
  <testcase name="addPermissions" time="22.993" classname="com.crm.tests.SanityCrmTrain"/>
  <testcase name="addPermissions" time="23.138" classname="com.crm.tests.SanityCrmTrain"/>
  <testcase name="addPermissions" time="23.002" classname="com.crm.tests.SanityCrmTrain"/>
  <testcase name="addPermissions" time="23.021" classname="com.crm.tests.SanityCrmTrain"/>
  <testcase name="addPermissions" time="23.131" classname="com.crm.tests.SanityCrmTrain"/>
  <testcase name="addPermissions" time="23.011" classname="com.crm.tests.SanityCrmTrain"/>
  <testcase name="addPermissions" time="23.022" classname="com.crm.tests.SanityCrmTrain"/>
  <testcase name="addPermissions" time="23.169" classname="com.crm.tests.SanityCrmTrain"/>
  <testcase name="addPermissions" time="23.072" classname="com.crm.tests.SanityCrmTrain"/>
  <testcase name="addPermissions" time="23.170" classname="com.crm.tests.SanityCrmTrain"/>
  <testcase name="addPermissions" time="23.140" classname="com.crm.tests.SanityCrmTrain"/>
  <testcase name="addPermissions" time="22.783" classname="com.crm.tests.SanityCrmTrain"/>
  <testcase name="addPermissions" time="22.882" classname="com.crm.tests.SanityCrmTrain"/>
  <testcase name="addPermissions" time="23.548" classname="com.crm.tests.SanityCrmTrain"/>
  <testcase name="addPermissions" time="22.957" classname="com.crm.tests.SanityCrmTrain"/>
  <testcase name="addPermissions" time="23.188" classname="com.crm.tests.SanityCrmTrain"/>
  <testcase name="addPermissions" time="23.114" classname="com.crm.tests.SanityCrmTrain"/>
  <testcase name="addPermissions" time="23.137" classname="com.crm.tests.SanityCrmTrain"/>
  <testcase name="addPermissions" time="23.035" classname="com.crm.tests.SanityCrmTrain"/>
  <testcase name="addPermissions" time="23.401" classname="com.crm.tests.SanityCrmTrain"/>
  <testcase name="addPermissions" time="23.280" classname="com.crm.tests.SanityCrmTrain"/>
  <testcase name="addPermissions" time="22.822" classname="com.crm.tests.SanityCrmTrain"/>
  <testcase name="addPermissions" time="23.018" classname="com.crm.tests.SanityCrmTrain"/>
  <testcase name="addPermissions" time="22.846" classname="com.crm.tests.SanityCrmTrain"/>
  <testcase name="addPermissions" time="22.994" classname="com.crm.tests.SanityCrmTrain"/>
  <testcase name="addPermissions" time="23.122" classname="com.crm.tests.SanityCrmTrain"/>
  <testcase name="addPermissions" time="23.122" classname="com.crm.tests.SanityCrmTrain"/>
  <testcase name="addPermissions" time="23.093" classname="com.crm.tests.SanityCrmTrain"/>
  <testcase name="addPermissions" time="23.241" classname="com.crm.tests.SanityCrmTrain"/>
  <testcase name="addPermissions" time="23.028" classname="com.crm.tests.SanityCrmTrain"/>
  <testcase name="addPermissions" time="22.984" classname="com.crm.tests.SanityCrmTrain"/>
  <testcase name="addPermissions" time="23.092" classname="com.crm.tests.SanityCrmTrain"/>
  <testcase name="addPermissions" time="22.980" classname="com.crm.tests.SanityCrmTrain"/>
  <testcase name="addPermissions" time="22.948" classname="com.crm.tests.SanityCrmTrain"/>
  <testcase name="addPermissions" time="23.258" classname="com.crm.tests.SanityCrmTrain"/>
  <testcase name="addPermissions" time="22.996" classname="com.crm.tests.SanityCrmTrain"/>
  <testcase name="addPermissions" time="23.181" classname="com.crm.tests.SanityCrmTrain"/>
  <testcase name="addPermissions" time="23.305" classname="com.crm.tests.SanityCrmTrain"/>
  <testcase name="addPermissions" time="23.052" classname="com.crm.tests.SanityCrmTrain"/>
  <testcase name="addPermissions" time="23.154" classname="com.crm.tests.SanityCrmTrain"/>
  <testcase name="addPermissions" time="23.088" classname="com.crm.tests.SanityCrmTrain"/>
  <testcase name="addPermissions" time="23.574" classname="com.crm.tests.SanityCrmTrain"/>
  <testcase name="addPermissions" time="23.086" classname="com.crm.tests.SanityCrmTrain"/>
  <testcase name="addPermissions" time="23.298" classname="com.crm.tests.SanityCrmTrain"/>
  <testcase name="addPermissions" time="22.895" classname="com.crm.tests.SanityCrmTrain"/>
  <testcase name="addPermissions" time="23.104" classname="com.crm.tests.SanityCrmTrain"/>
  <testcase name="addPermissions" time="23.297" classname="com.crm.tests.SanityCrmTrain"/>
  <testcase name="addPermissions" time="23.249" classname="com.crm.tests.SanityCrmTrain"/>
  <testcase name="addPermissions" time="22.772" classname="com.crm.tests.SanityCrmTrain"/>
  <testcase name="addPermissions" time="23.636" classname="com.crm.tests.SanityCrmTrain"/>
  <testcase name="addPermissions" time="22.960" classname="com.crm.tests.SanityCrmTrain"/>
  <testcase name="addPermissions" time="22.802" classname="com.crm.tests.SanityCrmTrain"/>
  <testcase name="addPermissions" time="23.469" classname="com.crm.tests.SanityCrmTrain"/>
  <testcase name="addPermissions" time="23.371" classname="com.crm.tests.SanityCrmTrain"/>
  <testcase name="addPermissions" time="23.126" classname="com.crm.tests.SanityCrmTrain"/>
  <testcase name="addPermissions" time="23.301" classname="com.crm.tests.SanityCrmTrain"/>
  <testcase name="addPermissions" time="23.578" classname="com.crm.tests.SanityCrmTrain"/>
  <testcase name="addPermissions" time="23.054" classname="com.crm.tests.SanityCrmTrain"/>
  <testcase name="addPermissions" time="23.136" classname="com.crm.tests.SanityCrmTrain"/>
  <testcase name="addPermissions" time="23.165" classname="com.crm.tests.SanityCrmTrain"/>
  <testcase name="addPermissions" time="23.138" classname="com.crm.tests.SanityCrmTrain"/>
  <testcase name="addPermissions" time="23.172" classname="com.crm.tests.SanityCrmTrain"/>
  <testcase name="addPermissions" time="23.140" classname="com.crm.tests.SanityCrmTrain"/>
  <testcase name="addPermissions" time="23.160" classname="com.crm.tests.SanityCrmTrain"/>
  <testcase name="addPermissions" time="23.464" classname="com.crm.tests.SanityCrmTrain"/>
  <testcase name="addPermissions" time="23.259" classname="com.crm.tests.SanityCrmTrain"/>
  <testcase name="addPermissions" time="23.048" classname="com.crm.tests.SanityCrmTrain"/>
  <testcase name="addPermissions" time="22.973" classname="com.crm.tests.SanityCrmTrain"/>
  <testcase name="addPermissions" time="23.302" classname="com.crm.tests.SanityCrmTrain"/>
  <testcase name="addPermissions" time="23.534" classname="com.crm.tests.SanityCrmTrain"/>
  <testcase name="addPermissions" time="22.984" classname="com.crm.tests.SanityCrmTrain"/>
  <testcase name="addPermissions" time="22.971" classname="com.crm.tests.SanityCrmTrain"/>
  <testcase name="addPermissions" time="22.995" classname="com.crm.tests.SanityCrmTrain"/>
  <testcase name="addPermissions" time="23.039" classname="com.crm.tests.SanityCrmTrain"/>
  <testcase name="addPermissions" time="23.128" classname="com.crm.tests.SanityCrmTrain"/>
  <testcase name="addPermissions" time="23.487" classname="com.crm.tests.SanityCrmTrain"/>
  <testcase name="addPermissions" time="23.132" classname="com.crm.tests.SanityCrmTrain"/>
  <testcase name="addPermissions" time="23.367" classname="com.crm.tests.SanityCrmTrain"/>
  <testcase name="addPermissions" time="23.193" classname="com.crm.tests.SanityCrmTrain"/>
  <testcase name="addPermissions" time="23.084" classname="com.crm.tests.SanityCrmTrain"/>
  <testcase name="addPermissions" time="22.818" classname="com.crm.tests.SanityCrmTrain"/>
  <testcase name="addPermissions" time="22.961" classname="com.crm.tests.SanityCrmTrain"/>
  <testcase name="addPermissions" time="23.146" classname="com.crm.tests.SanityCrmTrain"/>
  <testcase name="addPermissions" time="23.102" classname="com.crm.tests.SanityCrmTrain"/>
  <testcase name="addPermissions" time="22.959" classname="com.crm.tests.SanityCrmTrain"/>
  <testcase name="addPermissions" time="22.976" classname="com.crm.tests.SanityCrmTrain"/>
  <testcase name="addPermissions" time="23.142" classname="com.crm.tests.SanityCrmTrain"/>
  <testcase name="addPermissions" time="23.092" classname="com.crm.tests.SanityCrmTrain"/>
  <testcase name="addPermissions" time="23.025" classname="com.crm.tests.SanityCrmTrain"/>
  <testcase name="addPermissions" time="23.158" classname="com.crm.tests.SanityCrmTrain"/>
  <testcase name="addPermissions" time="23.318" classname="com.crm.tests.SanityCrmTrain"/>
  <testcase name="addPermissions" time="23.470" classname="com.crm.tests.SanityCrmTrain"/>
  <testcase name="addPermissions" time="22.990" classname="com.crm.tests.SanityCrmTrain"/>
</testsuite> <!-- com.crm.tests.SanityCrmTrain -->
