<?xml version="1.0" encoding="UTF-8"?>
<!-- Generated by org.testng.reporters.JUnitReportReporter -->
<testsuite skipped="0" hostname="lenovo-PC" name="com.italam.tests.Tests_API_REST" tests="1" failures="0" timestamp="06 ספט 2018 20:45:06 GMT" time="18.415" errors="1">
  <testcase name="apiTest_AllCases" time="18.415" classname="com.italam.tests.Tests_API_REST">
    <error/>
  </testcase> <!-- apiTest_AllCases -->
</testsuite> <!-- com.italam.tests.Tests_API_REST -->
