<?xml version="1.0" encoding="UTF-8"?>
<!-- Generated by org.testng.reporters.JUnitReportReporter -->
<testsuite skipped="0" hostname="YKM-MIS-006" name="com.nextPortal.tests.SanityNextPortalIe" tests="1" failures="0" timestamp="07 אוג 2017 12:43:12 GMT" time="63.323" errors="0">
  <testcase name="buyDealFromNextSite_150280" time="63.323" classname="com.nextPortal.tests.SanityNextPortalIe"/>
</testsuite> <!-- com.nextPortal.tests.SanityNextPortalIe -->
