<?xml version="1.0" encoding="UTF-8"?>
<!-- Generated by org.testng.reporters.JUnitReportReporter -->
<testsuite skipped="0" hostname="YKM-MIS-006" name="com.hotportal.tests.Sanity" tests="7" failures="0" timestamp="01 אוג 2017 06:27:35 GMT" time="100.460" errors="0">
  <testcase name="לקוח_בזיהוי_מהיר_מובנה_אקסל_103663" time="13.938" classname="com.hotportal.tests.Sanity"/>
  <testcase name="לקוח_בזיהוי_מהיר_מובנה_אקסל_103663" time="13.851" classname="com.hotportal.tests.Sanity"/>
  <testcase name="לקוח_בזיהוי_מהיר_מובנה_אקסל_103663" time="12.650" classname="com.hotportal.tests.Sanity"/>
  <testcase name="לקוח_בזיהוי_מהיר_103663" time="16.710" classname="com.hotportal.tests.Sanity"/>
  <testcase name="לקוח_בזיהוי_מהיר_מובנה_אקסל_103663" time="14.101" classname="com.hotportal.tests.Sanity"/>
  <testcase name="לקוח_בזיהוי_מהיר_מובנה_אקסל_103663" time="16.557" classname="com.hotportal.tests.Sanity"/>
  <testcase name="לקוח_בזיהוי_מהיר_מובנה_אקסל_103663" time="12.653" classname="com.hotportal.tests.Sanity"/>
</testsuite> <!-- com.hotportal.tests.Sanity -->
