<?xml version="1.0" encoding="UTF-8"?>
<!-- Generated by org.testng.reporters.JUnitReportReporter -->
<testsuite skipped="1" hostname="HOT-AutoSRV-01" name="com.crm.tests.SanityHotNet_Negative" tests="6" failures="0" timestamp="05 Dec 2017 04:55:46 GMT" time="523.500" errors="1">
  <testcase name="הוט_נט_הקמת_לקוח_עסקי_בדיקת_שדות_חובה" time="314.527" classname="com.crm.tests.SanityHotNet_Negative">
    <error/>
  </testcase> <!-- הוט_נט_הקמת_לקוח_עסקי_בדיקת_שדות_חובה -->
  <testcase name="הוט_נט_הקמת_לקוח_בעזרת_דרכון_ללא_הרשאה" time="32.830" classname="com.crm.tests.SanityHotNet_Negative"/>
  <testcase name="הוט_נט_הקמת_לקוח_שובר_ללא_הרשאה" time="79.826" classname="com.crm.tests.SanityHotNet_Negative"/>
  <testcase name="הוט_נט_הקמת_לקוח_הוראת_קבע_ללא_הרשאה" time="72.128" classname="com.crm.tests.SanityHotNet_Negative"/>
  <testcase name="הוט_נט_חיפוש_מתקדם_ללא_הרשאה_ליצרת_משתמש" time="24.189" classname="com.crm.tests.SanityHotNet_Negative"/>
  <testcase name="הוט_נט_הקמת_לקוח_בדיקת_שדות_חובה" classname="com.crm.tests.SanityHotNet_Negative">
    <skipped/>
  </testcase> <!-- הוט_נט_הקמת_לקוח_בדיקת_שדות_חובה -->
</testsuite> <!-- com.crm.tests.SanityHotNet_Negative -->
