<?xml version="1.0" encoding="UTF-8"?>
<!-- Generated by org.testng.reporters.JUnitReportReporter -->
<testsuite skipped="2" hostname="lenovo-PC" name="com.italam.tests.Tests_API_REST_NewServices" tests="3" failures="0" timestamp="19 ספט 2018 21:42:11 GMT" time="3.382" errors="0">
  <testcase name="apiTestGetOrganizationLicensing" time="3.382" classname="com.italam.tests.Tests_API_REST_NewServices"/>
  <testcase name="apiTest_AllCases" classname="com.italam.tests.Tests_API_REST_NewServices">
    <skipped/>
  </testcase> <!-- apiTest_AllCases -->
  <testcase name="apiTest_CreateOrganization" classname="com.italam.tests.Tests_API_REST_NewServices">
    <skipped/>
  </testcase> <!-- apiTest_CreateOrganization -->
</testsuite> <!-- com.italam.tests.Tests_API_REST_NewServices -->
