<?xml version="1.0" encoding="UTF-8"?>
<!-- Generated by org.testng.reporters.JUnitReportReporter -->
<testsuite hostname="CompediaPavel" failures="0" tests="1" name="com.italam.tests.Tests_API_REST_FULL" time="6.835" errors="0" timestamp="22 Oct 2018 13:09:39 GMT" skipped="0">
  <testcase classname="com.italam.tests.Tests_API_REST_FULL" name="apiTestGetOrganizationLicensing" time="6.835"/>
</testsuite> <!-- com.italam.tests.Tests_API_REST_FULL -->
