<?xml version="1.0" encoding="UTF-8"?>
<!-- Generated by org.testng.reporters.JUnitReportReporter -->
<testsuite skipped="0" hostname="YKM-MIS-006" name="com.nextPortal.tests.SanityNextPortalChrome" tests="3" failures="0" timestamp="17 אוג 2017 15:25:04 GMT" time="113.127" errors="0">
  <testcase name="צד_שמאל_מכירה_באתר_150280" time="73.313" classname="com.nextPortal.tests.SanityNextPortalChrome"/>
  <testcase name="צד_שמאל_מכירה_באתר_הודעות_שגיאה_150279" time="14.507" classname="com.nextPortal.tests.SanityNextPortalChrome"/>
  <testcase name="צד_שמאל_מכירה_באתר_ערכים_שגויים_150261" time="25.307" classname="com.nextPortal.tests.SanityNextPortalChrome"/>
</testsuite> <!-- com.nextPortal.tests.SanityNextPortalChrome -->
