<?xml version="1.0" encoding="UTF-8"?>
<!-- Generated by org.testng.reporters.JUnitReportReporter -->
<testsuite skipped="0" hostname="lenovo-PC" name="com.italam.tests.Tests_API_REST_practice" tests="2" failures="0" timestamp="20 יול 2018 07:27:06 GMT" time="4.491" errors="0">
  <testcase name="apiTest_getOrganizationProfile" time="3.024" classname="com.italam.tests.Tests_API_REST_practice"/>
  <testcase name="apiTest_getOrganizationProfile" time="1.467" classname="com.italam.tests.Tests_API_REST_practice"/>
</testsuite> <!-- com.italam.tests.Tests_API_REST_practice -->
