<?xml version="1.0" encoding="UTF-8"?>
<!-- Generated by org.testng.reporters.JUnitReportReporter -->
<testsuite skipped="0" hostname="HOT-AutoSRV-01" name="com.crm.tests.CachingProduction" tests="105" failures="0" timestamp="04 Dec 2017 19:44:05 GMT" time="18510.703" errors="5">
  <testcase name="BrowseCrm" time="198.504" classname="com.crm.tests.CachingProduction"/>
  <testcase name="BrowseCrm" time="189.281" classname="com.crm.tests.CachingProduction"/>
  <testcase name="BrowseCrm" time="188.845" classname="com.crm.tests.CachingProduction"/>
  <testcase name="BrowseCrm" time="191.842" classname="com.crm.tests.CachingProduction"/>
  <testcase name="BrowseCrm" time="141.058" classname="com.crm.tests.CachingProduction"/>
  <testcase name="BrowseCrm" time="189.611" classname="com.crm.tests.CachingProduction"/>
  <testcase name="BrowseCrm" time="188.758" classname="com.crm.tests.CachingProduction"/>
  <testcase name="BrowseCrm" time="189.065" classname="com.crm.tests.CachingProduction"/>
  <testcase name="BrowseCrm" time="150.868" classname="com.crm.tests.CachingProduction"/>
  <testcase name="BrowseCrm" time="189.004" classname="com.crm.tests.CachingProduction"/>
  <testcase name="BrowseCrm" time="12.020" classname="com.crm.tests.CachingProduction">
    <error/>
  </testcase> <!-- BrowseCrm -->
  <testcase name="BrowseCrm" time="189.995" classname="com.crm.tests.CachingProduction"/>
  <testcase name="BrowseCrm" time="188.783" classname="com.crm.tests.CachingProduction"/>
  <testcase name="BrowseCrm" time="186.219" classname="com.crm.tests.CachingProduction"/>
  <testcase name="BrowseCrm" time="111.253" classname="com.crm.tests.CachingProduction">
    <error/>
  </testcase> <!-- BrowseCrm -->
  <testcase name="BrowseCrm" time="189.496" classname="com.crm.tests.CachingProduction"/>
  <testcase name="BrowseCrm" time="141.201" classname="com.crm.tests.CachingProduction"/>
  <testcase name="BrowseCrm" time="189.019" classname="com.crm.tests.CachingProduction"/>
  <testcase name="BrowseCrm" time="138.720" classname="com.crm.tests.CachingProduction"/>
  <testcase name="BrowseCrm" time="186.979" classname="com.crm.tests.CachingProduction"/>
  <testcase name="BrowseCrm" time="139.679" classname="com.crm.tests.CachingProduction"/>
  <testcase name="BrowseCrm" time="199.871" classname="com.crm.tests.CachingProduction"/>
  <testcase name="BrowseCrm" time="191.726" classname="com.crm.tests.CachingProduction"/>
  <testcase name="BrowseCrm" time="187.534" classname="com.crm.tests.CachingProduction"/>
  <testcase name="BrowseCrm" time="140.663" classname="com.crm.tests.CachingProduction"/>
  <testcase name="BrowseCrm" time="189.589" classname="com.crm.tests.CachingProduction"/>
  <testcase name="BrowseCrm" time="150.944" classname="com.crm.tests.CachingProduction"/>
  <testcase name="BrowseCrm" time="188.603" classname="com.crm.tests.CachingProduction"/>
  <testcase name="BrowseCrm" time="151.185" classname="com.crm.tests.CachingProduction"/>
  <testcase name="BrowseCrm" time="187.174" classname="com.crm.tests.CachingProduction"/>
  <testcase name="BrowseCrm" time="187.644" classname="com.crm.tests.CachingProduction"/>
  <testcase name="BrowseCrm" time="188.835" classname="com.crm.tests.CachingProduction"/>
  <testcase name="BrowseCrm" time="189.201" classname="com.crm.tests.CachingProduction"/>
  <testcase name="BrowseCrm" time="187.222" classname="com.crm.tests.CachingProduction"/>
  <testcase name="BrowseCrm" time="189.315" classname="com.crm.tests.CachingProduction"/>
  <testcase name="BrowseCrm" time="199.800" classname="com.crm.tests.CachingProduction"/>
  <testcase name="BrowseCrm" time="188.980" classname="com.crm.tests.CachingProduction"/>
  <testcase name="BrowseCrm" time="189.044" classname="com.crm.tests.CachingProduction"/>
  <testcase name="BrowseCrm" time="188.179" classname="com.crm.tests.CachingProduction"/>
  <testcase name="BrowseCrm" time="199.340" classname="com.crm.tests.CachingProduction"/>
  <testcase name="BrowseCrm" time="189.717" classname="com.crm.tests.CachingProduction"/>
  <testcase name="BrowseCrm" time="189.756" classname="com.crm.tests.CachingProduction"/>
  <testcase name="BrowseCrm" time="201.110" classname="com.crm.tests.CachingProduction"/>
  <testcase name="BrowseCrm" time="189.043" classname="com.crm.tests.CachingProduction"/>
  <testcase name="BrowseCrm" time="189.538" classname="com.crm.tests.CachingProduction"/>
  <testcase name="BrowseCrm" time="139.749" classname="com.crm.tests.CachingProduction"/>
  <testcase name="BrowseCrm" time="138.963" classname="com.crm.tests.CachingProduction"/>
  <testcase name="BrowseCrm" time="188.982" classname="com.crm.tests.CachingProduction"/>
  <testcase name="BrowseCrm" time="188.495" classname="com.crm.tests.CachingProduction"/>
  <testcase name="BrowseCrm" time="192.594" classname="com.crm.tests.CachingProduction"/>
  <testcase name="BrowseCrm" time="189.620" classname="com.crm.tests.CachingProduction"/>
  <testcase name="BrowseCrm" time="188.217" classname="com.crm.tests.CachingProduction"/>
  <testcase name="BrowseCrm" time="111.579" classname="com.crm.tests.CachingProduction">
    <error/>
  </testcase> <!-- BrowseCrm -->
  <testcase name="BrowseCrm" time="139.124" classname="com.crm.tests.CachingProduction"/>
  <testcase name="BrowseCrm" time="198.880" classname="com.crm.tests.CachingProduction"/>
  <testcase name="BrowseCrm" time="188.534" classname="com.crm.tests.CachingProduction"/>
  <testcase name="BrowseCrm" time="138.989" classname="com.crm.tests.CachingProduction"/>
  <testcase name="BrowseCrm" time="169.368" classname="com.crm.tests.CachingProduction">
    <error/>
  </testcase> <!-- BrowseCrm -->
  <testcase name="BrowseCrm" time="189.542" classname="com.crm.tests.CachingProduction"/>
  <testcase name="BrowseCrm" time="189.105" classname="com.crm.tests.CachingProduction"/>
  <testcase name="BrowseCrm" time="188.717" classname="com.crm.tests.CachingProduction"/>
  <testcase name="BrowseCrm" time="190.301" classname="com.crm.tests.CachingProduction"/>
  <testcase name="BrowseCrm" time="187.651" classname="com.crm.tests.CachingProduction"/>
  <testcase name="BrowseCrm" time="189.192" classname="com.crm.tests.CachingProduction"/>
  <testcase name="BrowseCrm" time="189.167" classname="com.crm.tests.CachingProduction"/>
  <testcase name="BrowseCrm" time="191.265" classname="com.crm.tests.CachingProduction"/>
  <testcase name="BrowseCrm" time="190.189" classname="com.crm.tests.CachingProduction"/>
  <testcase name="BrowseCrm" time="189.075" classname="com.crm.tests.CachingProduction"/>
  <testcase name="BrowseCrm" time="188.477" classname="com.crm.tests.CachingProduction"/>
  <testcase name="BrowseCrm" time="12.764" classname="com.crm.tests.CachingProduction">
    <error/>
  </testcase> <!-- BrowseCrm -->
  <testcase name="BrowseCrm" time="189.068" classname="com.crm.tests.CachingProduction"/>
  <testcase name="BrowseCrm" time="187.759" classname="com.crm.tests.CachingProduction"/>
  <testcase name="BrowseCrm" time="189.766" classname="com.crm.tests.CachingProduction"/>
  <testcase name="BrowseCrm" time="188.977" classname="com.crm.tests.CachingProduction"/>
  <testcase name="BrowseCrm" time="190.729" classname="com.crm.tests.CachingProduction"/>
  <testcase name="BrowseCrm" time="189.025" classname="com.crm.tests.CachingProduction"/>
  <testcase name="BrowseCrm" time="188.458" classname="com.crm.tests.CachingProduction"/>
  <testcase name="BrowseCrm" time="188.259" classname="com.crm.tests.CachingProduction"/>
  <testcase name="BrowseCrm" time="141.345" classname="com.crm.tests.CachingProduction"/>
  <testcase name="BrowseCrm" time="187.119" classname="com.crm.tests.CachingProduction"/>
  <testcase name="BrowseCrm" time="189.019" classname="com.crm.tests.CachingProduction"/>
  <testcase name="BrowseCrm" time="190.018" classname="com.crm.tests.CachingProduction"/>
  <testcase name="BrowseCrm" time="190.055" classname="com.crm.tests.CachingProduction"/>
  <testcase name="BrowseCrm" time="193.734" classname="com.crm.tests.CachingProduction"/>
  <testcase name="BrowseCrm" time="188.764" classname="com.crm.tests.CachingProduction"/>
  <testcase name="BrowseCrm" time="139.628" classname="com.crm.tests.CachingProduction"/>
  <testcase name="BrowseCrm" time="187.707" classname="com.crm.tests.CachingProduction"/>
  <testcase name="BrowseCrm" time="141.004" classname="com.crm.tests.CachingProduction"/>
  <testcase name="BrowseCrm" time="189.312" classname="com.crm.tests.CachingProduction"/>
  <testcase name="BrowseCrm" time="189.175" classname="com.crm.tests.CachingProduction"/>
  <testcase name="BrowseCrm" time="189.435" classname="com.crm.tests.CachingProduction"/>
  <testcase name="BrowseCrm" time="187.987" classname="com.crm.tests.CachingProduction"/>
  <testcase name="BrowseCrm" time="199.803" classname="com.crm.tests.CachingProduction"/>
  <testcase name="BrowseCrm" time="189.963" classname="com.crm.tests.CachingProduction"/>
  <testcase name="BrowseCrm" time="139.839" classname="com.crm.tests.CachingProduction"/>
  <testcase name="BrowseCrm" time="139.121" classname="com.crm.tests.CachingProduction"/>
  <testcase name="BrowseCrm" time="189.189" classname="com.crm.tests.CachingProduction"/>
  <testcase name="BrowseCrm" time="139.752" classname="com.crm.tests.CachingProduction"/>
  <testcase name="BrowseCrm" time="188.580" classname="com.crm.tests.CachingProduction"/>
  <testcase name="BrowseCrm" time="188.925" classname="com.crm.tests.CachingProduction"/>
  <testcase name="BrowseCrm" time="187.674" classname="com.crm.tests.CachingProduction"/>
  <testcase name="BrowseCrm" time="140.585" classname="com.crm.tests.CachingProduction"/>
  <testcase name="BrowseCrm" time="200.504" classname="com.crm.tests.CachingProduction"/>
  <testcase name="BrowseCrm" time="189.249" classname="com.crm.tests.CachingProduction"/>
  <testcase name="BrowseCrm" time="188.427" classname="com.crm.tests.CachingProduction"/>
</testsuite> <!-- com.crm.tests.CachingProduction -->
