<?xml version="1.0" encoding="UTF-8"?>
<!-- Generated by org.testng.reporters.JUnitReportReporter -->
<testsuite skipped="3" hostname="YKM-MIS-006" name="com.next.tests.SanitySaleNext" tests="4" failures="0" timestamp="04 יונ 2018 10:48:41 GMT" time="148.248" errors="1">
  <testcase name="NEXT_SALE_PREMIUM_PACKAGE" time="148.248" classname="com.next.tests.SanitySaleNext">
    <error/>
  </testcase> <!-- NEXT_SALE_PREMIUM_PACKAGE -->
  <testcase name="NEXT_SALE_NEXT_PLUS_PACKAGE" classname="com.next.tests.SanitySaleNext">
    <skipped/>
  </testcase> <!-- NEXT_SALE_NEXT_PLUS_PACKAGE -->
  <testcase name="NEXT_SALE_CACHINGS" classname="com.next.tests.SanitySaleNext">
    <skipped/>
  </testcase> <!-- NEXT_SALE_CACHINGS -->
  <testcase name="NEXT_SALE_TOTAL_PACKAGE" classname="com.next.tests.SanitySaleNext">
    <skipped/>
  </testcase> <!-- NEXT_SALE_TOTAL_PACKAGE -->
</testsuite> <!-- com.next.tests.SanitySaleNext -->
